1549871880692	mozrunner::runner	INFO	Running command: "/usr/bin/firefox" "-marionette" "-foreground" "-no-remote" "-profile" "/tmp/rust_mozprofile.7uLkIEsQwGua"
1549871884322	addons.webextension.screenshots@mozilla.org	WARN	Loading extension 'screenshots@mozilla.org': Reading manifest: Invalid host permission: resource://pdf.js/
1549871884322	addons.webextension.screenshots@mozilla.org	WARN	Loading extension 'screenshots@mozilla.org': Reading manifest: Invalid host permission: about:reader*

(firefox:2400): Gtk-WARNING **: 14:58:05.541: Theme parsing error: <data>:1:34: Expected ')' in color definition

(firefox:2400): Gtk-WARNING **: 14:58:05.541: Theme parsing error: <data>:1:76: Expected ')' in color definition
1549871890179	Marionette	INFO	Listening on port 33503
1549871890234	Marionette	WARN	TLS certificate errors will be ignored for this session
1549871894324	Marionette	INFO	Stopped listening on port 33503
1549871898684	mozrunner::runner	INFO	Running command: "/usr/bin/firefox" "-marionette" "-foreground" "-no-remote" "-profile" "/tmp/rust_mozprofile.1Bs955nIkhm8"
1549871899017	addons.webextension.screenshots@mozilla.org	WARN	Loading extension 'screenshots@mozilla.org': Reading manifest: Invalid host permission: resource://pdf.js/
1549871899017	addons.webextension.screenshots@mozilla.org	WARN	Loading extension 'screenshots@mozilla.org': Reading manifest: Invalid host permission: about:reader*

(firefox:2730): Gtk-WARNING **: 14:58:19.543: Theme parsing error: <data>:1:34: Expected ')' in color definition

(firefox:2730): Gtk-WARNING **: 14:58:19.543: Theme parsing error: <data>:1:76: Expected ')' in color definition
1549871901544	Marionette	INFO	Listening on port 46085
1549871901623	Marionette	WARN	TLS certificate errors will be ignored for this session
1549871905481	Marionette	INFO	Stopped listening on port 46085
[Parent 2730, Gecko_IOThread] WARNING: pipe error (81): Connection reset by peer: file /build/firefox-nSunSF/firefox-65.0+build2/ipc/chromium/src/chrome/common/ipc_channel_posix.cc, line 349
[Parent 2730, Gecko_IOThread] WARNING: pipe error (78): Connection reset by peer: file /build/firefox-nSunSF/firefox-65.0+build2/ipc/chromium/src/chrome/common/ipc_channel_posix.cc, line 349
JavaScript error: resource://gre/modules/Sqlite.jsm, line 841: Error: Connection is not open.
1549871990052	mozrunner::runner	INFO	Running command: "/usr/bin/firefox" "-marionette" "-foreground" "-no-remote" "-profile" "/tmp/rust_mozprofile.qCkcqOCWZVfW"
1549871990379	addons.webextension.screenshots@mozilla.org	WARN	Loading extension 'screenshots@mozilla.org': Reading manifest: Invalid host permission: resource://pdf.js/
1549871990379	addons.webextension.screenshots@mozilla.org	WARN	Loading extension 'screenshots@mozilla.org': Reading manifest: Invalid host permission: about:reader*

(firefox:3347): Gtk-WARNING **: 14:59:50.944: Theme parsing error: <data>:1:34: Expected ')' in color definition

(firefox:3347): Gtk-WARNING **: 14:59:50.944: Theme parsing error: <data>:1:76: Expected ')' in color definition
1549871992968	Marionette	INFO	Listening on port 45177
1549871993060	Marionette	WARN	TLS certificate errors will be ignored for this session
1549871997105	Marionette	INFO	Stopped listening on port 45177
JavaScript error: resource://gre/modules/Sqlite.jsm, line 841: Error: Connection is not open.
1549873221298	mozrunner::runner	INFO	Running command: "/usr/bin/firefox" "-marionette" "-foreground" "-no-remote" "-profile" "/tmp/rust_mozprofile.DzrxM4neF6vs"
1549873221643	addons.webextension.screenshots@mozilla.org	WARN	Loading extension 'screenshots@mozilla.org': Reading manifest: Invalid host permission: resource://pdf.js/
1549873221643	addons.webextension.screenshots@mozilla.org	WARN	Loading extension 'screenshots@mozilla.org': Reading manifest: Invalid host permission: about:reader*

(firefox:5206): Gtk-WARNING **: 15:20:22.239: Theme parsing error: <data>:1:34: Expected ')' in color definition

(firefox:5206): Gtk-WARNING **: 15:20:22.239: Theme parsing error: <data>:1:76: Expected ')' in color definition
1549873224970	Marionette	INFO	Listening on port 43905
1549873225049	Marionette	WARN	TLS certificate errors will be ignored for this session
[Parent 5206, Gecko_IOThread] WARNING: pipe error (70): Connection reset by peer: file /build/firefox-nSunSF/firefox-65.0+build2/ipc/chromium/src/chrome/common/ipc_channel_posix.cc, line 349
[Parent 5206, Gecko_IOThread] WARNING: pipe error (78): Connection reset by peer: file /build/firefox-nSunSF/firefox-65.0+build2/ipc/chromium/src/chrome/common/ipc_channel_posix.cc, line 349
1549873237736	Marionette	INFO	Stopped listening on port 43905
1549873316062	mozrunner::runner	INFO	Running command: "/usr/bin/firefox" "-marionette" "-foreground" "-no-remote" "-profile" "/tmp/rust_mozprofile.FYYgANgoLO0A"
1549873316395	addons.webextension.screenshots@mozilla.org	WARN	Loading extension 'screenshots@mozilla.org': Reading manifest: Invalid host permission: resource://pdf.js/
1549873316395	addons.webextension.screenshots@mozilla.org	WARN	Loading extension 'screenshots@mozilla.org': Reading manifest: Invalid host permission: about:reader*

(firefox:5612): Gtk-WARNING **: 15:21:56.954: Theme parsing error: <data>:1:34: Expected ')' in color definition

(firefox:5612): Gtk-WARNING **: 15:21:56.955: Theme parsing error: <data>:1:76: Expected ')' in color definition
1549873319235	Marionette	INFO	Listening on port 43721
1549873319273	Marionette	WARN	TLS certificate errors will be ignored for this session

(/usr/lib/firefox/firefox:5744): dconf-WARNING **: 15:22:00.067: Unable to open /var/lib/snapd/desktop/dconf/profile/user: Permission denied
[Parent 5612, Gecko_IOThread] WARNING: pipe error (92): Connection reset by peer: file /build/firefox-nSunSF/firefox-65.0+build2/ipc/chromium/src/chrome/common/ipc_channel_posix.cc, line 349
[Parent 5612, Gecko_IOThread] WARNING: pipe error (78): Connection reset by peer: file /build/firefox-nSunSF/firefox-65.0+build2/ipc/chromium/src/chrome/common/ipc_channel_posix.cc, line 349
1549873335181	Marionette	INFO	Stopped listening on port 43721
1549873537052	mozrunner::runner	INFO	Running command: "/usr/bin/firefox" "-marionette" "-foreground" "-no-remote" "-profile" "/tmp/rust_mozprofile.VL0VPV6YO4FL"
1549873537400	addons.webextension.screenshots@mozilla.org	WARN	Loading extension 'screenshots@mozilla.org': Reading manifest: Invalid host permission: resource://pdf.js/
1549873537400	addons.webextension.screenshots@mozilla.org	WARN	Loading extension 'screenshots@mozilla.org': Reading manifest: Invalid host permission: about:reader*

(firefox:6154): Gtk-WARNING **: 15:25:37.888: Theme parsing error: <data>:1:34: Expected ')' in color definition

(firefox:6154): Gtk-WARNING **: 15:25:37.889: Theme parsing error: <data>:1:76: Expected ')' in color definition
1549873539897	Marionette	INFO	Listening on port 33935
1549873539979	Marionette	WARN	TLS certificate errors will be ignored for this session
1549873542110	Marionette	INFO	Stopped listening on port 33935
JavaScript error: resource://activity-stream/lib/ActivityStreamPrefs.jsm, line 23: NS_ERROR_ILLEGAL_VALUE: Component returned failure code: 0x80070057 (NS_ERROR_ILLEGAL_VALUE) [nsIPrefBranch.removeObserver]
[Parent 6154, Gecko_IOThread] WARNING: pipe error (78): Connection reset by peer: file /build/firefox-nSunSF/firefox-65.0+build2/ipc/chromium/src/chrome/common/ipc_channel_posix.cc, line 349
[Parent 6154, Gecko_IOThread] WARNING: pipe error (86): Connection reset by peer: file /build/firefox-nSunSF/firefox-65.0+build2/ipc/chromium/src/chrome/common/ipc_channel_posix.cc, line 349
[Parent 6154, Gecko_IOThread] WARNING: pipe error (116): Connection reset by peer: file /build/firefox-nSunSF/firefox-65.0+build2/ipc/chromium/src/chrome/common/ipc_channel_posix.cc, line 349

###!!! [Parent][DispatchAsyncMessage] Error: PBackgroundIDBFactory::Msg_PBackgroundIDBFactoryRequestConstructor Value error: message was deserialized, but contained an illegal value


###!!! [Parent][DispatchAsyncMessage] Error: PBackgroundIDBFactory::Msg_PBackgroundIDBFactoryRequestConstructor Value error: message was deserialized, but contained an illegal value

1549873626493	mozrunner::runner	INFO	Running command: "/usr/bin/firefox" "-marionette" "-foreground" "-no-remote" "-profile" "/tmp/rust_mozprofile.yQ54gqrUKHes"
1549873626828	addons.webextension.screenshots@mozilla.org	WARN	Loading extension 'screenshots@mozilla.org': Reading manifest: Invalid host permission: resource://pdf.js/
1549873626828	addons.webextension.screenshots@mozilla.org	WARN	Loading extension 'screenshots@mozilla.org': Reading manifest: Invalid host permission: about:reader*

(firefox:6521): Gtk-WARNING **: 15:27:07.317: Theme parsing error: <data>:1:34: Expected ')' in color definition

(firefox:6521): Gtk-WARNING **: 15:27:07.317: Theme parsing error: <data>:1:76: Expected ')' in color definition
1549873629159	Marionette	INFO	Listening on port 42313
1549873629201	Marionette	WARN	TLS certificate errors will be ignored for this session
1549873631290	Marionette	INFO	Stopped listening on port 42313
JavaScript error: resource://activity-stream/lib/ActivityStreamPrefs.jsm, line 23: NS_ERROR_ILLEGAL_VALUE: Component returned failure code: 0x80070057 (NS_ERROR_ILLEGAL_VALUE) [nsIPrefBranch.removeObserver]
[Parent 6521, Gecko_IOThread] WARNING: pipe error (78): Connection reset by peer: file /build/firefox-nSunSF/firefox-65.0+build2/ipc/chromium/src/chrome/common/ipc_channel_posix.cc, line 349
console.error: 
  [Exception... "Component returned failure code: 0x80004005 (NS_ERROR_FAILURE) [nsIAppShellService.hiddenDOMWindow]"  nsresult: "0x80004005 (NS_ERROR_FAILURE)"  location: "JS frame :: resource://activity-stream/lib/DownloadsManager.jsm :: init :: line 44"  data: no]: init@resource://activity-stream/lib/DownloadsManager.jsm:44:5
postInit@resource://activity-stream/lib/HighlightsFeed.jsm:60:5
handler@resource://gre/modules/EventEmitter.jsm:94:11
emit@resource://gre/modules/EventEmitter.jsm:149:11
init@resource://activity-stream/lib/SectionsManager.jsm:119:5

JavaScript error: resource://activity-stream/lib/PlacesFeed.jsm, line 171: NS_ERROR_UNEXPECTED: Component returned failure code: 0x8000ffff (NS_ERROR_UNEXPECTED) [nsINavHistoryService.addObserver]
JavaScript error: resource://gre/modules/AsyncShutdown.jsm, line 683: Error: Phase "profile-before-change" is finished, it is too late to register completion condition "JSON store: writing data"
JavaScript error: resource://gre/modules/IndexedDB.jsm, line 349: UnknownError: The operation failed for reasons unrelated to the database itself and not covered by any other error code.
JavaScript error: resource://gre/modules/IndexedDB.jsm, line 349: UnknownError: The operation failed for reasons unrelated to the database itself and not covered by any other error code.
JavaScript error: resource://gre/modules/IndexedDB.jsm, line 349: UnknownError: The operation failed for reasons unrelated to the database itself and not covered by any other error code.
JavaScript error: resource://gre/modules/Sqlite.jsm, line 841: Error: Connection is not open.
1549873693076	mozrunner::runner	INFO	Running command: "/usr/bin/firefox" "-marionette" "-foreground" "-no-remote" "-profile" "/tmp/rust_mozprofile.GnT1UzpUtozi"
1549873693438	addons.webextension.screenshots@mozilla.org	WARN	Loading extension 'screenshots@mozilla.org': Reading manifest: Invalid host permission: resource://pdf.js/
1549873693438	addons.webextension.screenshots@mozilla.org	WARN	Loading extension 'screenshots@mozilla.org': Reading manifest: Invalid host permission: about:reader*

(firefox:6819): Gtk-WARNING **: 15:28:14.008: Theme parsing error: <data>:1:34: Expected ')' in color definition

(firefox:6819): Gtk-WARNING **: 15:28:14.008: Theme parsing error: <data>:1:76: Expected ')' in color definition
1549873695834	Marionette	INFO	Listening on port 44195
1549873695924	Marionette	WARN	TLS certificate errors will be ignored for this session
[Parent 6819, Gecko_IOThread] WARNING: pipe error (78): Connection reset by peer: file /build/firefox-nSunSF/firefox-65.0+build2/ipc/chromium/src/chrome/common/ipc_channel_posix.cc, line 349
[Parent 6819, Gecko_IOThread] WARNING: pipe error (84): Connection reset by peer: file /build/firefox-nSunSF/firefox-65.0+build2/ipc/chromium/src/chrome/common/ipc_channel_posix.cc, line 349
1549873779544	Marionette	INFO	Stopped listening on port 44195
1549873871508	mozrunner::runner	INFO	Running command: "/usr/bin/firefox" "-marionette" "-foreground" "-no-remote" "-profile" "/tmp/rust_mozprofile.doIei1xCw73V"
1549873871853	addons.webextension.screenshots@mozilla.org	WARN	Loading extension 'screenshots@mozilla.org': Reading manifest: Invalid host permission: resource://pdf.js/
1549873871853	addons.webextension.screenshots@mozilla.org	WARN	Loading extension 'screenshots@mozilla.org': Reading manifest: Invalid host permission: about:reader*

(firefox:7447): Gtk-WARNING **: 15:31:12.407: Theme parsing error: <data>:1:34: Expected ')' in color definition

(firefox:7447): Gtk-WARNING **: 15:31:12.407: Theme parsing error: <data>:1:76: Expected ')' in color definition
1549873874345	Marionette	INFO	Listening on port 36185
1549873874419	Marionette	WARN	TLS certificate errors will be ignored for this session
1549874024948	mozrunner::runner	INFO	Running command: "/usr/bin/firefox" "-marionette" "-foreground" "-no-remote" "-profile" "/tmp/rust_mozprofile.YNyZZwhojNr5"
1549874025281	addons.webextension.screenshots@mozilla.org	WARN	Loading extension 'screenshots@mozilla.org': Reading manifest: Invalid host permission: resource://pdf.js/
1549874025281	addons.webextension.screenshots@mozilla.org	WARN	Loading extension 'screenshots@mozilla.org': Reading manifest: Invalid host permission: about:reader*

(firefox:7879): Gtk-WARNING **: 15:33:45.792: Theme parsing error: <data>:1:34: Expected ')' in color definition

(firefox:7879): Gtk-WARNING **: 15:33:45.792: Theme parsing error: <data>:1:76: Expected ')' in color definition
1549874028084	Marionette	INFO	Listening on port 37803
1549874028182	Marionette	WARN	TLS certificate errors will be ignored for this session
IPDL protocol error: Handler returned error code!

###!!! [Parent][DispatchAsyncMessage] Error: PLayerTransaction::Msg_ReleaseLayer Processing error: message was deserialized, but the handler returned false (indicating failure)

IPDL protocol error: Handler returned error code!

###!!! [Parent][DispatchAsyncMessage] Error: PLayerTransaction::Msg_ReleaseLayer Processing error: message was deserialized, but the handler returned false (indicating failure)

IPDL protocol error: Handler returned error code!

###!!! [Parent][DispatchAsyncMessage] Error: PLayerTransaction::Msg_ReleaseLayer Processing error: message was deserialized, but the handler returned false (indicating failure)

[Parent 7879, Gecko_IOThread] WARNING: pipe error (78): Connection reset by peer: file /build/firefox-nSunSF/firefox-65.0+build2/ipc/chromium/src/chrome/common/ipc_channel_posix.cc, line 349
[Parent 7879, Gecko_IOThread] WARNING: pipe error (64): Connection reset by peer: file /build/firefox-nSunSF/firefox-65.0+build2/ipc/chromium/src/chrome/common/ipc_channel_posix.cc, line 349
1549874062103	Marionette	INFO	Stopped listening on port 37803
1549874071915	mozrunner::runner	INFO	Running command: "/usr/bin/firefox" "-marionette" "-foreground" "-no-remote" "-profile" "/tmp/rust_mozprofile.Sm9HDK2goLPH"
1549874072267	addons.webextension.screenshots@mozilla.org	WARN	Loading extension 'screenshots@mozilla.org': Reading manifest: Invalid host permission: resource://pdf.js/
1549874072267	addons.webextension.screenshots@mozilla.org	WARN	Loading extension 'screenshots@mozilla.org': Reading manifest: Invalid host permission: about:reader*

(firefox:8245): Gtk-WARNING **: 15:34:32.708: Theme parsing error: <data>:1:34: Expected ')' in color definition

(firefox:8245): Gtk-WARNING **: 15:34:32.708: Theme parsing error: <data>:1:76: Expected ')' in color definition
1549874074941	Marionette	INFO	Listening on port 44259
1549874075027	Marionette	WARN	TLS certificate errors will be ignored for this session
1549874104118	mozrunner::runner	INFO	Running command: "/usr/bin/firefox" "-marionette" "-foreground" "-no-remote" "-profile" "/tmp/rust_mozprofile.1PbgHq1nO1Dx"
1549874104466	addons.webextension.screenshots@mozilla.org	WARN	Loading extension 'screenshots@mozilla.org': Reading manifest: Invalid host permission: resource://pdf.js/
1549874104466	addons.webextension.screenshots@mozilla.org	WARN	Loading extension 'screenshots@mozilla.org': Reading manifest: Invalid host permission: about:reader*

(firefox:8572): Gtk-WARNING **: 15:35:04.975: Theme parsing error: <data>:1:34: Expected ')' in color definition

(firefox:8572): Gtk-WARNING **: 15:35:04.975: Theme parsing error: <data>:1:76: Expected ')' in color definition
1549874107017	Marionette	INFO	Listening on port 46339
1549874107036	Marionette	WARN	TLS certificate errors will be ignored for this session
[Parent 8572, Gecko_IOThread] WARNING: pipe error (92): Connection reset by peer: file /build/firefox-nSunSF/firefox-65.0+build2/ipc/chromium/src/chrome/common/ipc_channel_posix.cc, line 349
1549874119457	Marionette	INFO	Stopped listening on port 46339
1549874211233	Marionette	INFO	Stopped listening on port 36185
[Parent 8245, Gecko_IOThread] WARNING: pipe error (78): Connection reset by peer: file /build/firefox-nSunSF/firefox-65.0+build2/ipc/chromium/src/chrome/common/ipc_channel_posix.cc, line 349
[Parent 8245, Gecko_IOThread] WARNING: pipe error (81): Connection reset by peer: file /build/firefox-nSunSF/firefox-65.0+build2/ipc/chromium/src/chrome/common/ipc_channel_posix.cc, line 349
1549874214538	Marionette	INFO	Stopped listening on port 44259
1549874275076	mozrunner::runner	INFO	Running command: "/usr/bin/firefox" "-marionette" "-foreground" "-no-remote" "-profile" "/tmp/rust_mozprofile.jiSpPevslmeQ"
1549874275440	addons.webextension.screenshots@mozilla.org	WARN	Loading extension 'screenshots@mozilla.org': Reading manifest: Invalid host permission: resource://pdf.js/
1549874275440	addons.webextension.screenshots@mozilla.org	WARN	Loading extension 'screenshots@mozilla.org': Reading manifest: Invalid host permission: about:reader*

(firefox:9395): Gtk-WARNING **: 15:37:55.944: Theme parsing error: <data>:1:34: Expected ')' in color definition

(firefox:9395): Gtk-WARNING **: 15:37:55.944: Theme parsing error: <data>:1:76: Expected ')' in color definition
1549874278131	Marionette	INFO	Listening on port 34557
1549874278221	Marionette	WARN	TLS certificate errors will be ignored for this session
1549874377820	mozrunner::runner	INFO	Running command: "/usr/bin/firefox" "-marionette" "-foreground" "-no-remote" "-profile" "/tmp/rust_mozprofile.YWtbiC8AmEpq"
1549874378172	addons.webextension.screenshots@mozilla.org	WARN	Loading extension 'screenshots@mozilla.org': Reading manifest: Invalid host permission: resource://pdf.js/
1549874378172	addons.webextension.screenshots@mozilla.org	WARN	Loading extension 'screenshots@mozilla.org': Reading manifest: Invalid host permission: about:reader*

(firefox:9768): Gtk-WARNING **: 15:39:38.825: Theme parsing error: <data>:1:34: Expected ')' in color definition

(firefox:9768): Gtk-WARNING **: 15:39:38.825: Theme parsing error: <data>:1:76: Expected ')' in color definition
1549874380993	Marionette	INFO	Listening on port 40673
1549874381030	Marionette	WARN	TLS certificate errors will be ignored for this session
[Parent 9768, Gecko_IOThread] WARNING: pipe error (78): Connection reset by peer: file /build/firefox-nSunSF/firefox-65.0+build2/ipc/chromium/src/chrome/common/ipc_channel_posix.cc, line 349
[Parent 9768, Gecko_IOThread] WARNING: pipe error (92): Connection reset by peer: file /build/firefox-nSunSF/firefox-65.0+build2/ipc/chromium/src/chrome/common/ipc_channel_posix.cc, line 349
[Parent 9395, Gecko_IOThread] WARNING: pipe error (86): Connection reset by peer: file /build/firefox-nSunSF/firefox-65.0+build2/ipc/chromium/src/chrome/common/ipc_channel_posix.cc, line 349
[Parent 9395, Gecko_IOThread] WARNING: pipe error (99): Connection reset by peer: file /build/firefox-nSunSF/firefox-65.0+build2/ipc/chromium/src/chrome/common/ipc_channel_posix.cc, line 349
[Parent 9395, Gecko_IOThread] WARNING: pipe error (78): Connection reset by peer: file /build/firefox-nSunSF/firefox-65.0+build2/ipc/chromium/src/chrome/common/ipc_channel_posix.cc, line 349
1549874394141	Marionette	INFO	Stopped listening on port 34557
1549874394189	Marionette	INFO	Stopped listening on port 40673
1549874745341	mozrunner::runner	INFO	Running command: "/usr/bin/firefox" "-marionette" "-foreground" "-no-remote" "-profile" "/tmp/rust_mozprofile.Y6xgHnQQdbjC"
1549874745673	addons.webextension.screenshots@mozilla.org	WARN	Loading extension 'screenshots@mozilla.org': Reading manifest: Invalid host permission: resource://pdf.js/
1549874745673	addons.webextension.screenshots@mozilla.org	WARN	Loading extension 'screenshots@mozilla.org': Reading manifest: Invalid host permission: about:reader*

(firefox:10579): Gtk-WARNING **: 15:45:46.159: Theme parsing error: <data>:1:34: Expected ')' in color definition

(firefox:10579): Gtk-WARNING **: 15:45:46.159: Theme parsing error: <data>:1:76: Expected ')' in color definition
1549874748549	Marionette	INFO	Listening on port 41151
1549874748650	Marionette	WARN	TLS certificate errors will be ignored for this session
1549874753205	Marionette	INFO	Stopped listening on port 41151

###!!! [Child][RunMessage] Error: Channel closing: too late to send/recv, messages will be lost

[Parent 10579, Gecko_IOThread] WARNING: pipe error (78): Connection reset by peer: file /build/firefox-nSunSF/firefox-65.0+build2/ipc/chromium/src/chrome/common/ipc_channel_posix.cc, line 349
[Parent 10579, Gecko_IOThread] WARNING: pipe error (84): Connection reset by peer: file /build/firefox-nSunSF/firefox-65.0+build2/ipc/chromium/src/chrome/common/ipc_channel_posix.cc, line 349
JavaScript error: jar:file:///usr/lib/firefox/omni.ja!/components/nsUrlClassifierListManager.js, line 597: TypeError: this.tablesData[table] is undefined
JavaScript error: resource://gre/modules/Sqlite.jsm, line 841: Error: Connection is not open.
1549874773382	mozrunner::runner	INFO	Running command: "/usr/bin/firefox" "-marionette" "-foreground" "-no-remote" "-profile" "/tmp/rust_mozprofile.xSMCXGFHocIV"
1549874773716	addons.webextension.screenshots@mozilla.org	WARN	Loading extension 'screenshots@mozilla.org': Reading manifest: Invalid host permission: resource://pdf.js/
1549874773716	addons.webextension.screenshots@mozilla.org	WARN	Loading extension 'screenshots@mozilla.org': Reading manifest: Invalid host permission: about:reader*

(firefox:10887): Gtk-WARNING **: 15:46:14.186: Theme parsing error: <data>:1:34: Expected ')' in color definition

(firefox:10887): Gtk-WARNING **: 15:46:14.186: Theme parsing error: <data>:1:76: Expected ')' in color definition
1549874776346	Marionette	INFO	Listening on port 38241
1549874776423	Marionette	WARN	TLS certificate errors will be ignored for this session
1549874779860	Marionette	INFO	Stopped listening on port 38241
[Parent 10887, Gecko_IOThread] WARNING: pipe error (78): Connection reset by peer: file /build/firefox-nSunSF/firefox-65.0+build2/ipc/chromium/src/chrome/common/ipc_channel_posix.cc, line 349
[Parent 10887, Gecko_IOThread] WARNING: pipe error (81): Connection reset by peer: file /build/firefox-nSunSF/firefox-65.0+build2/ipc/chromium/src/chrome/common/ipc_channel_posix.cc, line 349
JavaScript error: resource://services-common/kinto-offline-client.js, line 568: Error: getLastModified() The operation failed for reasons unrelated to the database itself and not covered by any other error code.
1549876400507	mozrunner::runner	INFO	Running command: "/usr/bin/firefox" "-marionette" "-foreground" "-no-remote" "-profile" "/tmp/rust_mozprofile.lUkTbCAzmnUS"
1549876400835	addons.webextension.screenshots@mozilla.org	WARN	Loading extension 'screenshots@mozilla.org': Reading manifest: Invalid host permission: resource://pdf.js/
1549876400835	addons.webextension.screenshots@mozilla.org	WARN	Loading extension 'screenshots@mozilla.org': Reading manifest: Invalid host permission: about:reader*

(firefox:13731): Gtk-WARNING **: 16:13:21.475: Theme parsing error: <data>:1:34: Expected ')' in color definition

(firefox:13731): Gtk-WARNING **: 16:13:21.475: Theme parsing error: <data>:1:76: Expected ')' in color definition
1549876403718	Marionette	INFO	Listening on port 45511
1549876403816	Marionette	WARN	TLS certificate errors will be ignored for this session
IPDL protocol error: Handler returned error code!

###!!! [Parent][DispatchAsyncMessage] Error: PLayerTransaction::Msg_ReleaseLayer Processing error: message was deserialized, but the handler returned false (indicating failure)

IPDL protocol error: Handler returned error code!

###!!! [Parent][DispatchAsyncMessage] Error: PLayerTransaction::Msg_ReleaseLayer Processing error: message was deserialized, but the handler returned false (indicating failure)

IPDL protocol error: Handler returned error code!

###!!! [Parent][DispatchAsyncMessage] Error: PLayerTransaction::Msg_ReleaseLayer Processing error: message was deserialized, but the handler returned false (indicating failure)

IPDL protocol error: Handler returned error code!

###!!! [Parent][DispatchAsyncMessage] Error: PLayerTransaction::Msg_ReleaseLayer Processing error: message was deserialized, but the handler returned false (indicating failure)

IPDL protocol error: Handler returned error code!

###!!! [Parent][DispatchAsyncMessage] Error: PLayerTransaction::Msg_ReleaseLayer Processing error: message was deserialized, but the handler returned false (indicating failure)


###!!! [Child][RunMessage] Error: Channel closing: too late to send/recv, messages will be lost

[Parent 13731, Gecko_IOThread] WARNING: pipe error (78): Connection reset by peer: file /build/firefox-nSunSF/firefox-65.0+build2/ipc/chromium/src/chrome/common/ipc_channel_posix.cc, line 349
[Parent 13731, Gecko_IOThread] WARNING: pipe error (70): Connection reset by peer: file /build/firefox-nSunSF/firefox-65.0+build2/ipc/chromium/src/chrome/common/ipc_channel_posix.cc, line 349
1549876422166	Marionette	INFO	Stopped listening on port 45511
1549876743407	mozrunner::runner	INFO	Running command: "/usr/bin/firefox" "-marionette" "-foreground" "-no-remote" "-profile" "/tmp/rust_mozprofile.qKYnq0FjL1nS"
1549876743859	addons.webextension.screenshots@mozilla.org	WARN	Loading extension 'screenshots@mozilla.org': Reading manifest: Invalid host permission: resource://pdf.js/
1549876743860	addons.webextension.screenshots@mozilla.org	WARN	Loading extension 'screenshots@mozilla.org': Reading manifest: Invalid host permission: about:reader*

(firefox:15401): Gtk-WARNING **: 16:19:04.514: Theme parsing error: <data>:1:34: Expected ')' in color definition

(firefox:15401): Gtk-WARNING **: 16:19:04.515: Theme parsing error: <data>:1:76: Expected ')' in color definition
1549876747481	Marionette	INFO	Listening on port 34879
1549876747539	Marionette	WARN	TLS certificate errors will be ignored for this session
1549876957048	Marionette	INFO	Stopped listening on port 34879
1549876958610	mozrunner::runner	INFO	Running command: "/usr/bin/firefox" "-marionette" "-foreground" "-no-remote" "-profile" "/tmp/rust_mozprofile.TKlpanHhl18d"
1549876959373	addons.webextension.screenshots@mozilla.org	WARN	Loading extension 'screenshots@mozilla.org': Reading manifest: Invalid host permission: resource://pdf.js/
1549876959373	addons.webextension.screenshots@mozilla.org	WARN	Loading extension 'screenshots@mozilla.org': Reading manifest: Invalid host permission: about:reader*

(firefox:15989): Gtk-WARNING **: 16:22:40.085: Theme parsing error: <data>:1:34: Expected ')' in color definition

(firefox:15989): Gtk-WARNING **: 16:22:40.085: Theme parsing error: <data>:1:76: Expected ')' in color definition
1549876963036	Marionette	INFO	Listening on port 44349
1549876963124	Marionette	WARN	TLS certificate errors will be ignored for this session
1549877002950	mozrunner::runner	INFO	Running command: "/usr/bin/firefox" "-marionette" "-foreground" "-no-remote" "-profile" "/tmp/rust_mozprofile.wkYFRK7RaOs9"
1549877003367	addons.webextension.screenshots@mozilla.org	WARN	Loading extension 'screenshots@mozilla.org': Reading manifest: Invalid host permission: resource://pdf.js/
1549877003367	addons.webextension.screenshots@mozilla.org	WARN	Loading extension 'screenshots@mozilla.org': Reading manifest: Invalid host permission: about:reader*

(firefox:16305): Gtk-WARNING **: 16:23:24.099: Theme parsing error: <data>:1:34: Expected ')' in color definition

(firefox:16305): Gtk-WARNING **: 16:23:24.099: Theme parsing error: <data>:1:76: Expected ')' in color definition
1549877006750	Marionette	INFO	Listening on port 45683
1549877006773	Marionette	WARN	TLS certificate errors will be ignored for this session

(/usr/lib/firefox/firefox:16451): dconf-WARNING **: 16:23:28.095: Unable to open /var/lib/snapd/desktop/dconf/profile/user: Permission denied
[Parent 16305, Gecko_IOThread] WARNING: pipe error (78): Connection reset by peer: file /build/firefox-nSunSF/firefox-65.0+build2/ipc/chromium/src/chrome/common/ipc_channel_posix.cc, line 349
[Parent 16305, Gecko_IOThread] WARNING: pipe error (64): Connection reset by peer: file /build/firefox-nSunSF/firefox-65.0+build2/ipc/chromium/src/chrome/common/ipc_channel_posix.cc, line 349
1549877013122	Marionette	INFO	Stopped listening on port 45683
1549877024977	mozrunner::runner	INFO	Running command: "/usr/bin/firefox" "-marionette" "-foreground" "-no-remote" "-profile" "/tmp/rust_mozprofile.yKjzSd1By2D6"
1549877025381	addons.webextension.screenshots@mozilla.org	WARN	Loading extension 'screenshots@mozilla.org': Reading manifest: Invalid host permission: resource://pdf.js/
1549877025381	addons.webextension.screenshots@mozilla.org	WARN	Loading extension 'screenshots@mozilla.org': Reading manifest: Invalid host permission: about:reader*

(firefox:16622): Gtk-WARNING **: 16:23:45.964: Theme parsing error: <data>:1:34: Expected ')' in color definition

(firefox:16622): Gtk-WARNING **: 16:23:45.964: Theme parsing error: <data>:1:76: Expected ')' in color definition
1549877028313	Marionette	INFO	Listening on port 41571
1549877028397	Marionette	WARN	TLS certificate errors will be ignored for this session

(/usr/lib/firefox/firefox:16801): dconf-WARNING **: 16:23:49.712: Unable to open /var/lib/snapd/desktop/dconf/profile/user: Permission denied
JavaScript error: resource://activity-stream/lib/ActivityStreamPrefs.jsm, line 23: NS_ERROR_ILLEGAL_VALUE: Component returned failure code: 0x80070057 (NS_ERROR_ILLEGAL_VALUE) [nsIPrefBranch.removeObserver]
[Parent 16622, Gecko_IOThread] WARNING: pipe error (78): Connection reset by peer: file /build/firefox-nSunSF/firefox-65.0+build2/ipc/chromium/src/chrome/common/ipc_channel_posix.cc, line 349
[Parent 16622, Gecko_IOThread] WARNING: pipe error (92): Connection reset by peer: file /build/firefox-nSunSF/firefox-65.0+build2/ipc/chromium/src/chrome/common/ipc_channel_posix.cc, line 349
JavaScript error: resource://gre/modules/ExtensionSettingsStore.jsm, line 103: Error: The ExtensionSettingsStore was accessed before the initialize promise resolved.
JavaScript error: resource://gre/modules/Sqlite.jsm, line 841: Error: Connection is not open.
console.error: 
  [Exception... "Component returned failure code: 0x80004005 (NS_ERROR_FAILURE) [nsIAppShellService.hiddenDOMWindow]"  nsresult: "0x80004005 (NS_ERROR_FAILURE)"  location: "JS frame :: resource://activity-stream/lib/DownloadsManager.jsm :: init :: line 44"  data: no]: init@resource://activity-stream/lib/DownloadsManager.jsm:44:5
postInit@resource://activity-stream/lib/HighlightsFeed.jsm:60:5
handler@resource://gre/modules/EventEmitter.jsm:94:11
emit@resource://gre/modules/EventEmitter.jsm:149:11
init@resource://activity-stream/lib/SectionsManager.jsm:119:5
observe@resource://gre/modules/AsyncShutdown.jsm:541:9

1549877032636	Marionette	INFO	Stopped listening on port 41571
[Parent 15989, Gecko_IOThread] WARNING: pipe error (78): Connection reset by peer: file /build/firefox-nSunSF/firefox-65.0+build2/ipc/chromium/src/chrome/common/ipc_channel_posix.cc, line 349
[Parent 15989, Gecko_IOThread] WARNING: pipe error (95): Connection reset by peer: file /build/firefox-nSunSF/firefox-65.0+build2/ipc/chromium/src/chrome/common/ipc_channel_posix.cc, line 349
1549877104504	Marionette	INFO	Stopped listening on port 44349
1549877105248	mozrunner::runner	INFO	Running command: "/usr/bin/firefox" "-marionette" "-foreground" "-no-remote" "-profile" "/tmp/rust_mozprofile.mgIjoCyGIC1J"
1549877105636	addons.webextension.screenshots@mozilla.org	WARN	Loading extension 'screenshots@mozilla.org': Reading manifest: Invalid host permission: resource://pdf.js/
1549877105636	addons.webextension.screenshots@mozilla.org	WARN	Loading extension 'screenshots@mozilla.org': Reading manifest: Invalid host permission: about:reader*

(firefox:17100): Gtk-WARNING **: 16:25:06.159: Theme parsing error: <data>:1:34: Expected ')' in color definition

(firefox:17100): Gtk-WARNING **: 16:25:06.159: Theme parsing error: <data>:1:76: Expected ')' in color definition
1549877108059	Marionette	INFO	Listening on port 37925
1549877108156	Marionette	WARN	TLS certificate errors will be ignored for this session
1549877109613	Marionette	INFO	Stopped listening on port 37925
JavaScript error: resource://activity-stream/lib/ActivityStreamPrefs.jsm, line 23: NS_ERROR_ILLEGAL_VALUE: Component returned failure code: 0x80070057 (NS_ERROR_ILLEGAL_VALUE) [nsIPrefBranch.removeObserver]
[Parent 17100, Gecko_IOThread] WARNING: pipe error (78): Connection reset by peer: file /build/firefox-nSunSF/firefox-65.0+build2/ipc/chromium/src/chrome/common/ipc_channel_posix.cc, line 349
JavaScript error: resource://gre/modules/Sqlite.jsm, line 841: Error: Connection is not open.
JavaScript error: resource://gre/modules/JSONFile.jsm, line 159: Error: Data is not ready.
console.error: PushService: 
  clearOriginData: Error clearing origin data:
  UnknownError
console.error: PushService: 
  stateChangeProcessEnqueue: Error transitioning state
  UnknownError

###!!! [Parent][DispatchAsyncMessage] Error: PBackgroundIDBFactory::Msg_PBackgroundIDBFactoryRequestConstructor Value error: message was deserialized, but contained an illegal value


###!!! [Parent][DispatchAsyncMessage] Error: PBackgroundIDBFactory::Msg_PBackgroundIDBFactoryRequestConstructor Value error: message was deserialized, but contained an illegal value

1549877120137	mozrunner::runner	INFO	Running command: "/usr/bin/firefox" "-marionette" "-foreground" "-no-remote" "-profile" "/tmp/rust_mozprofile.e4mqoP6msl84"
1549877120470	addons.webextension.screenshots@mozilla.org	WARN	Loading extension 'screenshots@mozilla.org': Reading manifest: Invalid host permission: resource://pdf.js/
1549877120470	addons.webextension.screenshots@mozilla.org	WARN	Loading extension 'screenshots@mozilla.org': Reading manifest: Invalid host permission: about:reader*

(firefox:17387): Gtk-WARNING **: 16:25:21.067: Theme parsing error: <data>:1:34: Expected ')' in color definition

(firefox:17387): Gtk-WARNING **: 16:25:21.067: Theme parsing error: <data>:1:76: Expected ')' in color definition
1549877123363	Marionette	INFO	Listening on port 36435
1549877123446	Marionette	WARN	TLS certificate errors will be ignored for this session
1549877124861	Marionette	INFO	Stopped listening on port 36435
JavaScript error: resource://activity-stream/lib/ActivityStreamPrefs.jsm, line 23: NS_ERROR_ILLEGAL_VALUE: Component returned failure code: 0x80070057 (NS_ERROR_ILLEGAL_VALUE) [nsIPrefBranch.removeObserver]
JavaScript error: resource://gre/modules/WebProgressChild.jsm, line 58: TypeError: this.mm.content is null
[Parent 17387, Gecko_IOThread] WARNING: pipe error (70): Connection reset by peer: file /build/firefox-nSunSF/firefox-65.0+build2/ipc/chromium/src/chrome/common/ipc_channel_posix.cc, line 349
console.error: PushService: 
  clearOriginData: Error clearing origin data:
  UnknownError
console.error: PushService: 
  stateChangeProcessEnqueue: Error transitioning state
  UnknownError

###!!! [Parent][DispatchAsyncMessage] Error: PBackgroundIDBFactory::Msg_PBackgroundIDBFactoryRequestConstructor Value error: message was deserialized, but contained an illegal value


###!!! [Parent][DispatchAsyncMessage] Error: PBackgroundIDBFactory::Msg_PBackgroundIDBFactoryRequestConstructor Value error: message was deserialized, but contained an illegal value

1549877188872	mozrunner::runner	INFO	Running command: "/usr/bin/firefox" "-marionette" "-foreground" "-no-remote" "-profile" "/tmp/rust_mozprofile.5rORW4mhUkMk"
1549877189199	addons.webextension.screenshots@mozilla.org	WARN	Loading extension 'screenshots@mozilla.org': Reading manifest: Invalid host permission: resource://pdf.js/
1549877189199	addons.webextension.screenshots@mozilla.org	WARN	Loading extension 'screenshots@mozilla.org': Reading manifest: Invalid host permission: about:reader*

(firefox:17783): Gtk-WARNING **: 16:26:29.775: Theme parsing error: <data>:1:34: Expected ')' in color definition

(firefox:17783): Gtk-WARNING **: 16:26:29.775: Theme parsing error: <data>:1:76: Expected ')' in color definition
1549877191708	Marionette	INFO	Listening on port 39527
1549877191795	Marionette	WARN	TLS certificate errors will be ignored for this session
1549877203208	Marionette	INFO	Stopped listening on port 39527

###!!! [Child][RunMessage] Error: Channel closing: too late to send/recv, messages will be lost

[Parent 17783, Gecko_IOThread] WARNING: pipe error (78): Connection reset by peer: file /build/firefox-nSunSF/firefox-65.0+build2/ipc/chromium/src/chrome/common/ipc_channel_posix.cc, line 349
1549877210081	mozrunner::runner	INFO	Running command: "/usr/bin/firefox" "-marionette" "-foreground" "-no-remote" "-profile" "/tmp/rust_mozprofile.nImHVRr0L63h"
1549877210437	addons.webextension.screenshots@mozilla.org	WARN	Loading extension 'screenshots@mozilla.org': Reading manifest: Invalid host permission: resource://pdf.js/
1549877210437	addons.webextension.screenshots@mozilla.org	WARN	Loading extension 'screenshots@mozilla.org': Reading manifest: Invalid host permission: about:reader*

(firefox:18084): Gtk-WARNING **: 16:26:50.935: Theme parsing error: <data>:1:34: Expected ')' in color definition

(firefox:18084): Gtk-WARNING **: 16:26:50.935: Theme parsing error: <data>:1:76: Expected ')' in color definition
1549877212865	Marionette	INFO	Listening on port 35701
1549877212888	Marionette	WARN	TLS certificate errors will be ignored for this session
console.error: "Error while calling actor 'pagestyle's method 'getLayout'" "node is null"
console.error: "getLayout@resource://devtools/server/actors/styles.js:814:5\nhandler@resource://devtools/shared/protocol.js:1197:21\nonPacket@resource://devtools/server/main.js:1324:15\nreceiveMessage@resource://devtools/shared/transport/child-transport.js:66:5\n"
console.error: "Protocol error (unknownError): node is null"
console.error: BroadcastService: 
  receivedBroadcastMessage: handler for
  remote-settings/monitor_changes
  threw error:
  Message: Error: Polling for changes failed: NetworkError when attempting to fetch resource..
  Stack:
    remoteSettingsFunction/remoteSettings.pollChanges@resource://services-settings/remote-settings.js:188:13

[Parent 18084, Gecko_IOThread] WARNING: pipe error (78): Connection reset by peer: file /build/firefox-nSunSF/firefox-65.0+build2/ipc/chromium/src/chrome/common/ipc_channel_posix.cc, line 349
[Parent 18084, Gecko_IOThread] WARNING: pipe error (70): Connection reset by peer: file /build/firefox-nSunSF/firefox-65.0+build2/ipc/chromium/src/chrome/common/ipc_channel_posix.cc, line 349
1549877906840	Marionette	INFO	Stopped listening on port 35701
1549877908263	mozrunner::runner	INFO	Running command: "/usr/bin/firefox" "-marionette" "-foreground" "-no-remote" "-profile" "/tmp/rust_mozprofile.z1ZCs23FeQI8"
1549877908796	addons.webextension.screenshots@mozilla.org	WARN	Loading extension 'screenshots@mozilla.org': Reading manifest: Invalid host permission: resource://pdf.js/
1549877908796	addons.webextension.screenshots@mozilla.org	WARN	Loading extension 'screenshots@mozilla.org': Reading manifest: Invalid host permission: about:reader*

(firefox:22975): Gtk-WARNING **: 16:38:29.392: Theme parsing error: <data>:1:34: Expected ')' in color definition

(firefox:22975): Gtk-WARNING **: 16:38:29.392: Theme parsing error: <data>:1:76: Expected ')' in color definition
1549877911793	Marionette	INFO	Listening on port 42359
1549877911878	Marionette	WARN	TLS certificate errors will be ignored for this session
[Parent 22975, Gecko_IOThread] WARNING: pipe error (86): Connection reset by peer: file /build/firefox-nSunSF/firefox-65.0+build2/ipc/chromium/src/chrome/common/ipc_channel_posix.cc, line 349
[Parent 22975, Gecko_IOThread] WARNING: pipe error (78): Connection reset by peer: file /build/firefox-nSunSF/firefox-65.0+build2/ipc/chromium/src/chrome/common/ipc_channel_posix.cc, line 349
1549877924593	Marionette	INFO	Stopped listening on port 42359
1549878107092	mozrunner::runner	INFO	Running command: "/usr/bin/firefox" "-marionette" "-foreground" "-no-remote" "-profile" "/tmp/rust_mozprofile.Xk3PtroD5mZ1"
1549878107418	addons.webextension.screenshots@mozilla.org	WARN	Loading extension 'screenshots@mozilla.org': Reading manifest: Invalid host permission: resource://pdf.js/
1549878107418	addons.webextension.screenshots@mozilla.org	WARN	Loading extension 'screenshots@mozilla.org': Reading manifest: Invalid host permission: about:reader*

(firefox:23710): Gtk-WARNING **: 16:41:47.996: Theme parsing error: <data>:1:34: Expected ')' in color definition

(firefox:23710): Gtk-WARNING **: 16:41:47.996: Theme parsing error: <data>:1:76: Expected ')' in color definition
1549878110445	Marionette	INFO	Listening on port 34677
1549878110515	Marionette	WARN	TLS certificate errors will be ignored for this session

###!!! [Child][RunMessage] Error: Channel closing: too late to send/recv, messages will be lost

[Parent 23710, Gecko_IOThread] WARNING: pipe error (92): Connection reset by peer: file /build/firefox-nSunSF/firefox-65.0+build2/ipc/chromium/src/chrome/common/ipc_channel_posix.cc, line 349
[Parent 23710, Gecko_IOThread] WARNING: pipe error (78): Connection reset by peer: file /build/firefox-nSunSF/firefox-65.0+build2/ipc/chromium/src/chrome/common/ipc_channel_posix.cc, line 349
1549878128452	Marionette	INFO	Stopped listening on port 34677
1549878129243	mozrunner::runner	INFO	Running command: "/usr/bin/firefox" "-marionette" "-foreground" "-no-remote" "-profile" "/tmp/rust_mozprofile.CeLTVR4dhd4v"
1549878129570	addons.webextension.screenshots@mozilla.org	WARN	Loading extension 'screenshots@mozilla.org': Reading manifest: Invalid host permission: resource://pdf.js/
1549878129570	addons.webextension.screenshots@mozilla.org	WARN	Loading extension 'screenshots@mozilla.org': Reading manifest: Invalid host permission: about:reader*

(firefox:24031): Gtk-WARNING **: 16:42:10.201: Theme parsing error: <data>:1:34: Expected ')' in color definition

(firefox:24031): Gtk-WARNING **: 16:42:10.201: Theme parsing error: <data>:1:76: Expected ')' in color definition
1549878132281	Marionette	INFO	Listening on port 37345
1549878132355	Marionette	WARN	TLS certificate errors will be ignored for this session
1549878134090	Marionette	INFO	Stopped listening on port 37345
JavaScript error: resource://activity-stream/lib/ActivityStreamPrefs.jsm, line 23: NS_ERROR_ILLEGAL_VALUE: Component returned failure code: 0x80070057 (NS_ERROR_ILLEGAL_VALUE) [nsIPrefBranch.removeObserver]
JavaScript error: jar:file:///usr/lib/firefox/browser/omni.ja!/components/nsBrowserGlue.js, line 3246: NS_ERROR_FAILURE: Component returned failure code: 0x80004005 (NS_ERROR_FAILURE) [nsIContentPermissionRequest.cancel]

###!!! [Parent][DispatchAsyncMessage] Error: PBackgroundIDBFactory::Msg_PBackgroundIDBFactoryRequestConstructor Value error: message was deserialized, but contained an illegal value


###!!! [Parent][DispatchAsyncMessage] Error: PBackgroundIDBFactory::Msg_PBackgroundIDBFactoryRequestConstructor Value error: message was deserialized, but contained an illegal value

1549878155693	mozrunner::runner	INFO	Running command: "/usr/bin/firefox" "-marionette" "-foreground" "-no-remote" "-profile" "/tmp/rust_mozprofile.WeTPAQHkEK0G"
1549878156031	addons.webextension.screenshots@mozilla.org	WARN	Loading extension 'screenshots@mozilla.org': Reading manifest: Invalid host permission: resource://pdf.js/
1549878156031	addons.webextension.screenshots@mozilla.org	WARN	Loading extension 'screenshots@mozilla.org': Reading manifest: Invalid host permission: about:reader*

(firefox:24329): Gtk-WARNING **: 16:42:36.580: Theme parsing error: <data>:1:34: Expected ')' in color definition

(firefox:24329): Gtk-WARNING **: 16:42:36.580: Theme parsing error: <data>:1:76: Expected ')' in color definition
1549878158950	Marionette	INFO	Listening on port 33525
1549878159038	Marionette	WARN	TLS certificate errors will be ignored for this session
IPDL protocol error: Handler returned error code!

###!!! [Parent][DispatchAsyncMessage] Error: PLayerTransaction::Msg_ReleaseLayer Processing error: message was deserialized, but the handler returned false (indicating failure)

IPDL protocol error: Handler returned error code!

###!!! [Parent][DispatchAsyncMessage] Error: PLayerTransaction::Msg_ReleaseLayer Processing error: message was deserialized, but the handler returned false (indicating failure)

IPDL protocol error: Handler returned error code!

###!!! [Parent][DispatchAsyncMessage] Error: PLayerTransaction::Msg_ReleaseLayer Processing error: message was deserialized, but the handler returned false (indicating failure)

IPDL protocol error: Handler returned error code!

###!!! [Parent][DispatchAsyncMessage] Error: PLayerTransaction::Msg_ReleaseLayer Processing error: message was deserialized, but the handler returned false (indicating failure)

IPDL protocol error: Handler returned error code!

###!!! [Parent][DispatchAsyncMessage] Error: PLayerTransaction::Msg_ReleaseLayer Processing error: message was deserialized, but the handler returned false (indicating failure)

[Parent 24329, Gecko_IOThread] WARNING: pipe error (92): Connection reset by peer: file /build/firefox-nSunSF/firefox-65.0+build2/ipc/chromium/src/chrome/common/ipc_channel_posix.cc, line 349
1549878218906	Marionette	INFO	Stopped listening on port 33525
1549878219717	mozrunner::runner	INFO	Running command: "/usr/bin/firefox" "-marionette" "-foreground" "-no-remote" "-profile" "/tmp/rust_mozprofile.KAdy2glLEe2B"
1549878220058	addons.webextension.screenshots@mozilla.org	WARN	Loading extension 'screenshots@mozilla.org': Reading manifest: Invalid host permission: resource://pdf.js/
1549878220058	addons.webextension.screenshots@mozilla.org	WARN	Loading extension 'screenshots@mozilla.org': Reading manifest: Invalid host permission: about:reader*

(firefox:24694): Gtk-WARNING **: 16:43:40.686: Theme parsing error: <data>:1:34: Expected ')' in color definition

(firefox:24694): Gtk-WARNING **: 16:43:40.686: Theme parsing error: <data>:1:76: Expected ')' in color definition
1549878223173	Marionette	INFO	Listening on port 44029
1549878223260	Marionette	WARN	TLS certificate errors will be ignored for this session
1549878341938	mozrunner::runner	INFO	Running command: "/usr/bin/firefox" "-marionette" "-foreground" "-no-remote" "-profile" "/tmp/rust_mozprofile.GPijcdAmHvIF"
1549878342274	addons.webextension.screenshots@mozilla.org	WARN	Loading extension 'screenshots@mozilla.org': Reading manifest: Invalid host permission: resource://pdf.js/
1549878342274	addons.webextension.screenshots@mozilla.org	WARN	Loading extension 'screenshots@mozilla.org': Reading manifest: Invalid host permission: about:reader*

(firefox:25219): Gtk-WARNING **: 16:45:42.790: Theme parsing error: <data>:1:34: Expected ')' in color definition

(firefox:25219): Gtk-WARNING **: 16:45:42.790: Theme parsing error: <data>:1:76: Expected ')' in color definition
1549878345483	Marionette	INFO	Listening on port 38093
1549878345572	Marionette	WARN	TLS certificate errors will be ignored for this session
[Parent 25219, Gecko_IOThread] WARNING: pipe error (78): Connection reset by peer: file /build/firefox-nSunSF/firefox-65.0+build2/ipc/chromium/src/chrome/common/ipc_channel_posix.cc, line 349
[Parent 25219, Gecko_IOThread] WARNING: pipe error (70): Connection reset by peer: file /build/firefox-nSunSF/firefox-65.0+build2/ipc/chromium/src/chrome/common/ipc_channel_posix.cc, line 349
IPDL protocol error: Handler returned error code!

###!!! [Parent][DispatchAsyncMessage] Error: PLayerTransaction::Msg_ReleaseLayer Processing error: message was deserialized, but the handler returned false (indicating failure)

IPDL protocol error: Handler returned error code!

###!!! [Parent][DispatchAsyncMessage] Error: PLayerTransaction::Msg_ReleaseLayer Processing error: message was deserialized, but the handler returned false (indicating failure)

IPDL protocol error: Handler returned error code!

###!!! [Parent][DispatchAsyncMessage] Error: PLayerTransaction::Msg_ReleaseLayer Processing error: message was deserialized, but the handler returned false (indicating failure)

IPDL protocol error: Handler returned error code!

###!!! [Parent][DispatchAsyncMessage] Error: PLayerTransaction::Msg_ReleaseLayer Processing error: message was deserialized, but the handler returned false (indicating failure)

IPDL protocol error: Handler returned error code!

###!!! [Parent][DispatchAsyncMessage] Error: PLayerTransaction::Msg_ReleaseLayer Processing error: message was deserialized, but the handler returned false (indicating failure)


###!!! [Child][RunMessage] Error: Channel closing: too late to send/recv, messages will be lost

[Parent 24694, Gecko_IOThread] WARNING: pipe error (86): Connection reset by peer: file /build/firefox-nSunSF/firefox-65.0+build2/ipc/chromium/src/chrome/common/ipc_channel_posix.cc, line 349
[Parent 24694, Gecko_IOThread] WARNING: pipe error (78): Connection reset by peer: file /build/firefox-nSunSF/firefox-65.0+build2/ipc/chromium/src/chrome/common/ipc_channel_posix.cc, line 349
1549878398452	Marionette	INFO	Stopped listening on port 44029
1549878398506	Marionette	INFO	Stopped listening on port 38093
1549878398548	mozrunner::runner	INFO	Running command: "/usr/bin/firefox" "-marionette" "-foreground" "-no-remote" "-profile" "/tmp/rust_mozprofile.MR1p2BGlKlps"
1549878398908	addons.webextension.screenshots@mozilla.org	WARN	Loading extension 'screenshots@mozilla.org': Reading manifest: Invalid host permission: resource://pdf.js/
1549878398908	addons.webextension.screenshots@mozilla.org	WARN	Loading extension 'screenshots@mozilla.org': Reading manifest: Invalid host permission: about:reader*

(firefox:25541): Gtk-WARNING **: 16:46:39.458: Theme parsing error: <data>:1:34: Expected ')' in color definition

(firefox:25541): Gtk-WARNING **: 16:46:39.458: Theme parsing error: <data>:1:76: Expected ')' in color definition
1549878402109	Marionette	INFO	Listening on port 39145
1549878402167	Marionette	WARN	TLS certificate errors will be ignored for this session
1549878662001	mozrunner::runner	INFO	Running command: "/usr/bin/firefox" "-marionette" "-foreground" "-no-remote" "-profile" "/tmp/rust_mozprofile.aVwCMY7n4YK1"
1549878662330	addons.webextension.screenshots@mozilla.org	WARN	Loading extension 'screenshots@mozilla.org': Reading manifest: Invalid host permission: resource://pdf.js/
1549878662330	addons.webextension.screenshots@mozilla.org	WARN	Loading extension 'screenshots@mozilla.org': Reading manifest: Invalid host permission: about:reader*

(firefox:26293): Gtk-WARNING **: 16:51:02.892: Theme parsing error: <data>:1:34: Expected ')' in color definition

(firefox:26293): Gtk-WARNING **: 16:51:02.892: Theme parsing error: <data>:1:76: Expected ')' in color definition
1549878664995	Marionette	INFO	Listening on port 46625
1549878665024	Marionette	WARN	TLS certificate errors will be ignored for this session
1549878808970	mozrunner::runner	INFO	Running command: "/usr/bin/firefox" "-marionette" "-foreground" "-no-remote" "-profile" "/tmp/rust_mozprofile.IGS53LYcaAW4"
1549878809303	addons.webextension.screenshots@mozilla.org	WARN	Loading extension 'screenshots@mozilla.org': Reading manifest: Invalid host permission: resource://pdf.js/
1549878809303	addons.webextension.screenshots@mozilla.org	WARN	Loading extension 'screenshots@mozilla.org': Reading manifest: Invalid host permission: about:reader*

(firefox:26772): Gtk-WARNING **: 16:53:29.786: Theme parsing error: <data>:1:34: Expected ')' in color definition

(firefox:26772): Gtk-WARNING **: 16:53:29.786: Theme parsing error: <data>:1:76: Expected ')' in color definition
1549878811821	Marionette	INFO	Listening on port 36431
1549878811882	Marionette	WARN	TLS certificate errors will be ignored for this session
1549878842453	mozrunner::runner	INFO	Running command: "/usr/bin/firefox" "-marionette" "-foreground" "-no-remote" "-profile" "/tmp/rust_mozprofile.4E26OppQcPJS"
1549878842848	addons.webextension.screenshots@mozilla.org	WARN	Loading extension 'screenshots@mozilla.org': Reading manifest: Invalid host permission: resource://pdf.js/
1549878842848	addons.webextension.screenshots@mozilla.org	WARN	Loading extension 'screenshots@mozilla.org': Reading manifest: Invalid host permission: about:reader*

(firefox:27098): Gtk-WARNING **: 16:54:03.556: Theme parsing error: <data>:1:34: Expected ')' in color definition

(firefox:27098): Gtk-WARNING **: 16:54:03.556: Theme parsing error: <data>:1:76: Expected ')' in color definition
1549878845669	Marionette	INFO	Listening on port 41971
1549878845770	Marionette	WARN	TLS certificate errors will be ignored for this session
[Parent 25541, Gecko_IOThread] WARNING: pipe error (103): Connection reset by peer: file /build/firefox-nSunSF/firefox-65.0+build2/ipc/chromium/src/chrome/common/ipc_channel_posix.cc, line 349
[Parent 25541, Gecko_IOThread] WARNING: pipe error (78): Connection reset by peer: file /build/firefox-nSunSF/firefox-65.0+build2/ipc/chromium/src/chrome/common/ipc_channel_posix.cc, line 349
[Parent 26772, Gecko_IOThread] WARNING: pipe error (78): Connection reset by peer: file /build/firefox-nSunSF/firefox-65.0+build2/ipc/chromium/src/chrome/common/ipc_channel_posix.cc, line 349
[Parent 26293, Gecko_IOThread] WARNING: pipe error (84): Connection reset by peer: file /build/firefox-nSunSF/firefox-65.0+build2/ipc/chromium/src/chrome/common/ipc_channel_posix.cc, line 349
[Parent 26293, Gecko_IOThread] WARNING: pipe error (78): Connection reset by peer: file /build/firefox-nSunSF/firefox-65.0+build2/ipc/chromium/src/chrome/common/ipc_channel_posix.cc, line 349
[Parent 26772, Gecko_IOThread] WARNING: pipe error (84): Connection reset by peer: file /build/firefox-nSunSF/firefox-65.0+build2/ipc/chromium/src/chrome/common/ipc_channel_posix.cc, line 349
1549878853969	Marionette	INFO	Stopped listening on port 39145
1549878854145	Marionette	INFO	Stopped listening on port 46625
1549878854202	Marionette	INFO	Stopped listening on port 36431
1549878854236	Marionette	INFO	Stopped listening on port 41971
1549878877146	mozrunner::runner	INFO	Running command: "/usr/bin/firefox" "-marionette" "-foreground" "-no-remote" "-profile" "/tmp/rust_mozprofile.ZBY16n7K7geN"
1549878877695	addons.webextension.screenshots@mozilla.org	WARN	Loading extension 'screenshots@mozilla.org': Reading manifest: Invalid host permission: resource://pdf.js/
1549878877695	addons.webextension.screenshots@mozilla.org	WARN	Loading extension 'screenshots@mozilla.org': Reading manifest: Invalid host permission: about:reader*

(firefox:27428): Gtk-WARNING **: 16:54:38.517: Theme parsing error: <data>:1:34: Expected ')' in color definition

(firefox:27428): Gtk-WARNING **: 16:54:38.518: Theme parsing error: <data>:1:76: Expected ')' in color definition
1549878880950	Marionette	INFO	Listening on port 41159
1549878880962	Marionette	WARN	TLS certificate errors will be ignored for this session
console.error: BroadcastService: 
  receivedBroadcastMessage: handler for
  remote-settings/monitor_changes
  threw error:
  Message: Error: Polling for changes failed: NetworkError when attempting to fetch resource..
  Stack:
    remoteSettingsFunction/remoteSettings.pollChanges@resource://services-settings/remote-settings.js:188:13

[Parent 27428, Gecko_IOThread] WARNING: pipe error (78): Connection reset by peer: file /build/firefox-nSunSF/firefox-65.0+build2/ipc/chromium/src/chrome/common/ipc_channel_posix.cc, line 349
[Parent 27428, Gecko_IOThread] WARNING: pipe error (108): Connection reset by peer: file /build/firefox-nSunSF/firefox-65.0+build2/ipc/chromium/src/chrome/common/ipc_channel_posix.cc, line 349
1549881944674	Marionette	INFO	Stopped listening on port 41159
1549933866085	mozrunner::runner	INFO	Running command: "/usr/bin/firefox" "-marionette" "-foreground" "-no-remote" "-profile" "/tmp/rust_mozprofile.SAkUH4Fru2Tj"
1549933869494	addons.webextension.screenshots@mozilla.org	WARN	Loading extension 'screenshots@mozilla.org': Reading manifest: Invalid host permission: resource://pdf.js/
1549933869494	addons.webextension.screenshots@mozilla.org	WARN	Loading extension 'screenshots@mozilla.org': Reading manifest: Invalid host permission: about:reader*

(firefox:10349): Gtk-WARNING **: 08:11:10.623: Theme parsing error: <data>:1:34: Expected ')' in color definition

(firefox:10349): Gtk-WARNING **: 08:11:10.623: Theme parsing error: <data>:1:76: Expected ')' in color definition
1549933875013	Marionette	INFO	Listening on port 44725
1549933875141	Marionette	WARN	TLS certificate errors will be ignored for this session
1549933900118	mozrunner::runner	INFO	Running command: "/usr/bin/firefox" "-marionette" "-foreground" "-no-remote" "-profile" "/tmp/rust_mozprofile.IFBuNNv0jQSD"
1549933900457	addons.webextension.screenshots@mozilla.org	WARN	Loading extension 'screenshots@mozilla.org': Reading manifest: Invalid host permission: resource://pdf.js/
1549933900458	addons.webextension.screenshots@mozilla.org	WARN	Loading extension 'screenshots@mozilla.org': Reading manifest: Invalid host permission: about:reader*

(firefox:10699): Gtk-WARNING **: 08:11:41.056: Theme parsing error: <data>:1:34: Expected ')' in color definition

(firefox:10699): Gtk-WARNING **: 08:11:41.056: Theme parsing error: <data>:1:76: Expected ')' in color definition
1549933903263	Marionette	INFO	Listening on port 42313
1549933903356	Marionette	WARN	TLS certificate errors will be ignored for this session
1549934107075	mozrunner::runner	INFO	Running command: "/usr/bin/firefox" "-marionette" "-foreground" "-no-remote" "-profile" "/tmp/rust_mozprofile.8HPas6ONbGIT"
1549934107635	addons.webextension.screenshots@mozilla.org	WARN	Loading extension 'screenshots@mozilla.org': Reading manifest: Invalid host permission: resource://pdf.js/
1549934107635	addons.webextension.screenshots@mozilla.org	WARN	Loading extension 'screenshots@mozilla.org': Reading manifest: Invalid host permission: about:reader*

(firefox:11186): Gtk-WARNING **: 08:15:08.241: Theme parsing error: <data>:1:34: Expected ')' in color definition

(firefox:11186): Gtk-WARNING **: 08:15:08.241: Theme parsing error: <data>:1:76: Expected ')' in color definition
1549934110711	Marionette	INFO	Listening on port 43271
1549934110785	Marionette	WARN	TLS certificate errors will be ignored for this session
1549934115924	Marionette	INFO	Stopped listening on port 43271

###!!! [Child][RunMessage] Error: Channel closing: too late to send/recv, messages will be lost

[Parent 10349, Gecko_IOThread] WARNING: pipe error (79): Connection reset by peer: file /build/firefox-nSunSF/firefox-65.0+build2/ipc/chromium/src/chrome/common/ipc_channel_posix.cc, line 349
[Parent 10699, Gecko_IOThread] WARNING: pipe error (78): Connection reset by peer: file /build/firefox-nSunSF/firefox-65.0+build2/ipc/chromium/src/chrome/common/ipc_channel_posix.cc, line 349

###!!! [Child][RunMessage] Error: Channel closing: too late to send/recv, messages will be lost

1549934119130	Marionette	INFO	Stopped listening on port 44725
1549934119166	Marionette	INFO	Stopped listening on port 42313
1549934129953	mozrunner::runner	INFO	Running command: "/usr/bin/firefox" "-marionette" "-foreground" "-no-remote" "-profile" "/tmp/rust_mozprofile.esGjE77ryhEz"
1549934130344	addons.webextension.screenshots@mozilla.org	WARN	Loading extension 'screenshots@mozilla.org': Reading manifest: Invalid host permission: resource://pdf.js/
1549934130344	addons.webextension.screenshots@mozilla.org	WARN	Loading extension 'screenshots@mozilla.org': Reading manifest: Invalid host permission: about:reader*

(firefox:11532): Gtk-WARNING **: 08:15:30.929: Theme parsing error: <data>:1:34: Expected ')' in color definition

(firefox:11532): Gtk-WARNING **: 08:15:30.929: Theme parsing error: <data>:1:76: Expected ')' in color definition
1549934133248	Marionette	INFO	Listening on port 41643
1549934133266	Marionette	WARN	TLS certificate errors will be ignored for this session
Exiting due to channel error.
Exiting due to channel error.
Exiting due to channel error.
1549934386153	mozrunner::runner	INFO	Running command: "/usr/bin/firefox" "-marionette" "-foreground" "-no-remote" "-profile" "/tmp/rust_mozprofile.zXoFvPrZOBwv"
1549934386565	addons.webextension.screenshots@mozilla.org	WARN	Loading extension 'screenshots@mozilla.org': Reading manifest: Invalid host permission: resource://pdf.js/
1549934386565	addons.webextension.screenshots@mozilla.org	WARN	Loading extension 'screenshots@mozilla.org': Reading manifest: Invalid host permission: about:reader*

(firefox:12162): Gtk-WARNING **: 08:19:47.099: Theme parsing error: <data>:1:34: Expected ')' in color definition

(firefox:12162): Gtk-WARNING **: 08:19:47.099: Theme parsing error: <data>:1:76: Expected ')' in color definition
1549934389256	Marionette	INFO	Listening on port 37757
1549934389266	Marionette	WARN	TLS certificate errors will be ignored for this session

###!!! [Child][RunMessage] Error: Channel closing: too late to send/recv, messages will be lost

[Parent 12162, Gecko_IOThread] WARNING: pipe error (86): Connection reset by peer: file /build/firefox-nSunSF/firefox-65.0+build2/ipc/chromium/src/chrome/common/ipc_channel_posix.cc, line 349
[Parent 12162, Gecko_IOThread] WARNING: pipe error (78): Connection reset by peer: file /build/firefox-nSunSF/firefox-65.0+build2/ipc/chromium/src/chrome/common/ipc_channel_posix.cc, line 349
1549934402834	Marionette	INFO	Stopped listening on port 37757
1549934417318	mozrunner::runner	INFO	Running command: "/usr/bin/firefox" "-marionette" "-foreground" "-no-remote" "-profile" "/tmp/rust_mozprofile.QYgjQzISDQJe"
1549934417656	addons.webextension.screenshots@mozilla.org	WARN	Loading extension 'screenshots@mozilla.org': Reading manifest: Invalid host permission: resource://pdf.js/
1549934417656	addons.webextension.screenshots@mozilla.org	WARN	Loading extension 'screenshots@mozilla.org': Reading manifest: Invalid host permission: about:reader*

(firefox:12457): Gtk-WARNING **: 08:20:18.182: Theme parsing error: <data>:1:34: Expected ')' in color definition

(firefox:12457): Gtk-WARNING **: 08:20:18.182: Theme parsing error: <data>:1:76: Expected ')' in color definition
1549934420134	Marionette	INFO	Listening on port 35047
1549934420227	Marionette	WARN	TLS certificate errors will be ignored for this session

###!!! [Child][RunMessage] Error: Channel closing: too late to send/recv, messages will be lost

[Parent 12457, Gecko_IOThread] WARNING: pipe error (79): Connection reset by peer: file /build/firefox-nSunSF/firefox-65.0+build2/ipc/chromium/src/chrome/common/ipc_channel_posix.cc, line 349
1549934541995	Marionette	INFO	Stopped listening on port 35047
1549934675592	mozrunner::runner	INFO	Running command: "/usr/bin/firefox" "-marionette" "-foreground" "-no-remote" "-profile" "/tmp/rust_mozprofile.k3Y8dRIIAKgD"
1549934676074	addons.webextension.screenshots@mozilla.org	WARN	Loading extension 'screenshots@mozilla.org': Reading manifest: Invalid host permission: resource://pdf.js/
1549934676075	addons.webextension.screenshots@mozilla.org	WARN	Loading extension 'screenshots@mozilla.org': Reading manifest: Invalid host permission: about:reader*

(firefox:13164): Gtk-WARNING **: 08:24:36.596: Theme parsing error: <data>:1:34: Expected ')' in color definition

(firefox:13164): Gtk-WARNING **: 08:24:36.596: Theme parsing error: <data>:1:76: Expected ')' in color definition
1549934679092	Marionette	INFO	Listening on port 33591
1549934679109	Marionette	WARN	TLS certificate errors will be ignored for this session

###!!! [Child][RunMessage] Error: Channel closing: too late to send/recv, messages will be lost

[Parent 13164, Gecko_IOThread] WARNING: pipe error (78): Connection reset by peer: file /build/firefox-nSunSF/firefox-65.0+build2/ipc/chromium/src/chrome/common/ipc_channel_posix.cc, line 349
[Parent 13164, Gecko_IOThread] WARNING: pipe error (84): Connection reset by peer: file /build/firefox-nSunSF/firefox-65.0+build2/ipc/chromium/src/chrome/common/ipc_channel_posix.cc, line 349
1549934704866	Marionette	INFO	Stopped listening on port 33591
1549934723975	mozrunner::runner	INFO	Running command: "/usr/bin/firefox" "-marionette" "-foreground" "-no-remote" "-profile" "/tmp/rust_mozprofile.dYHikxa7VTrU"
1549934724332	addons.webextension.screenshots@mozilla.org	WARN	Loading extension 'screenshots@mozilla.org': Reading manifest: Invalid host permission: resource://pdf.js/
1549934724333	addons.webextension.screenshots@mozilla.org	WARN	Loading extension 'screenshots@mozilla.org': Reading manifest: Invalid host permission: about:reader*

(firefox:13501): Gtk-WARNING **: 08:25:24.863: Theme parsing error: <data>:1:34: Expected ')' in color definition

(firefox:13501): Gtk-WARNING **: 08:25:24.863: Theme parsing error: <data>:1:76: Expected ')' in color definition
1549934726975	Marionette	INFO	Listening on port 36941
1549934726982	Marionette	WARN	TLS certificate errors will be ignored for this session
[Parent 13501, Gecko_IOThread] WARNING: pipe error (78): Connection reset by peer: file /build/firefox-nSunSF/firefox-65.0+build2/ipc/chromium/src/chrome/common/ipc_channel_posix.cc, line 349
1549934735266	Marionette	INFO	Stopped listening on port 36941
1549934759058	mozrunner::runner	INFO	Running command: "/usr/bin/firefox" "-marionette" "-foreground" "-no-remote" "-profile" "/tmp/rust_mozprofile.ZEPTHGVsTnSc"
1549934759418	addons.webextension.screenshots@mozilla.org	WARN	Loading extension 'screenshots@mozilla.org': Reading manifest: Invalid host permission: resource://pdf.js/
1549934759418	addons.webextension.screenshots@mozilla.org	WARN	Loading extension 'screenshots@mozilla.org': Reading manifest: Invalid host permission: about:reader*

(firefox:13812): Gtk-WARNING **: 08:25:59.916: Theme parsing error: <data>:1:34: Expected ')' in color definition

(firefox:13812): Gtk-WARNING **: 08:25:59.916: Theme parsing error: <data>:1:76: Expected ')' in color definition
1549934761980	Marionette	INFO	Listening on port 46291
1549934762072	Marionette	WARN	TLS certificate errors will be ignored for this session
[Parent 13812, Gecko_IOThread] WARNING: pipe error (92): Connection reset by peer: file /build/firefox-nSunSF/firefox-65.0+build2/ipc/chromium/src/chrome/common/ipc_channel_posix.cc, line 349
[Parent 13812, Gecko_IOThread] WARNING: pipe error (78): Connection reset by peer: file /build/firefox-nSunSF/firefox-65.0+build2/ipc/chromium/src/chrome/common/ipc_channel_posix.cc, line 349
1549934772770	Marionette	INFO	Stopped listening on port 46291
1549934892767	mozrunner::runner	INFO	Running command: "/usr/bin/firefox" "-marionette" "-foreground" "-no-remote" "-profile" "/tmp/rust_mozprofile.h2Pig7Ms1vSp"
1549934893132	addons.webextension.screenshots@mozilla.org	WARN	Loading extension 'screenshots@mozilla.org': Reading manifest: Invalid host permission: resource://pdf.js/
1549934893132	addons.webextension.screenshots@mozilla.org	WARN	Loading extension 'screenshots@mozilla.org': Reading manifest: Invalid host permission: about:reader*

(firefox:14273): Gtk-WARNING **: 08:28:13.667: Theme parsing error: <data>:1:34: Expected ')' in color definition

(firefox:14273): Gtk-WARNING **: 08:28:13.667: Theme parsing error: <data>:1:76: Expected ')' in color definition
1549934896329	Marionette	INFO	Listening on port 33255
1549934896405	Marionette	WARN	TLS certificate errors will be ignored for this session
[Parent 14273, Gecko_IOThread] WARNING: pipe error (78): Connection reset by peer: file /build/firefox-nSunSF/firefox-65.0+build2/ipc/chromium/src/chrome/common/ipc_channel_posix.cc, line 349
[Parent 14273, Gecko_IOThread] WARNING: pipe error (92): Connection reset by peer: file /build/firefox-nSunSF/firefox-65.0+build2/ipc/chromium/src/chrome/common/ipc_channel_posix.cc, line 349
1549934935991	Marionette	INFO	Stopped listening on port 33255
1549934936519	mozrunner::runner	INFO	Running command: "/usr/bin/firefox" "-marionette" "-foreground" "-no-remote" "-profile" "/tmp/rust_mozprofile.pk6t4QToEhLX"
1549934936903	addons.webextension.screenshots@mozilla.org	WARN	Loading extension 'screenshots@mozilla.org': Reading manifest: Invalid host permission: resource://pdf.js/
1549934936904	addons.webextension.screenshots@mozilla.org	WARN	Loading extension 'screenshots@mozilla.org': Reading manifest: Invalid host permission: about:reader*

(firefox:14621): Gtk-WARNING **: 08:28:57.421: Theme parsing error: <data>:1:34: Expected ')' in color definition

(firefox:14621): Gtk-WARNING **: 08:28:57.421: Theme parsing error: <data>:1:76: Expected ')' in color definition
1549934939925	Marionette	INFO	Listening on port 34283
1549934939931	Marionette	WARN	TLS certificate errors will be ignored for this session
IPDL protocol error: Handler returned error code!

###!!! [Parent][DispatchAsyncMessage] Error: PLayerTransaction::Msg_ReleaseLayer Processing error: message was deserialized, but the handler returned false (indicating failure)

IPDL protocol error: Handler returned error code!

###!!! [Parent][DispatchAsyncMessage] Error: PLayerTransaction::Msg_ReleaseLayer Processing error: message was deserialized, but the handler returned false (indicating failure)

IPDL protocol error: Handler returned error code!

###!!! [Parent][DispatchAsyncMessage] Error: PLayerTransaction::Msg_ReleaseLayer Processing error: message was deserialized, but the handler returned false (indicating failure)

IPDL protocol error: Handler returned error code!

###!!! [Parent][DispatchAsyncMessage] Error: PLayerTransaction::Msg_ReleaseLayer Processing error: message was deserialized, but the handler returned false (indicating failure)

IPDL protocol error: Handler returned error code!

###!!! [Parent][DispatchAsyncMessage] Error: PLayerTransaction::Msg_ReleaseLayer Processing error: message was deserialized, but the handler returned false (indicating failure)


###!!! [Child][RunMessage] Error: Channel closing: too late to send/recv, messages will be lost

[Parent 14621, Gecko_IOThread] WARNING: pipe error (78): Connection reset by peer: file /build/firefox-nSunSF/firefox-65.0+build2/ipc/chromium/src/chrome/common/ipc_channel_posix.cc, line 349
[Parent 14621, Gecko_IOThread] WARNING: pipe error (106): Connection reset by peer: file /build/firefox-nSunSF/firefox-65.0+build2/ipc/chromium/src/chrome/common/ipc_channel_posix.cc, line 349
1549935151270	Marionette	INFO	Stopped listening on port 34283
1549935151833	mozrunner::runner	INFO	Running command: "/usr/bin/firefox" "-marionette" "-foreground" "-no-remote" "-profile" "/tmp/rust_mozprofile.GlE2UulfglM7"
1549935152160	addons.webextension.screenshots@mozilla.org	WARN	Loading extension 'screenshots@mozilla.org': Reading manifest: Invalid host permission: resource://pdf.js/
1549935152160	addons.webextension.screenshots@mozilla.org	WARN	Loading extension 'screenshots@mozilla.org': Reading manifest: Invalid host permission: about:reader*

(firefox:15150): Gtk-WARNING **: 08:32:32.632: Theme parsing error: <data>:1:34: Expected ')' in color definition

(firefox:15150): Gtk-WARNING **: 08:32:32.632: Theme parsing error: <data>:1:76: Expected ')' in color definition
1549935154733	Marionette	INFO	Listening on port 37689
1549935154748	Marionette	WARN	TLS certificate errors will be ignored for this session
1549935188072	mozrunner::runner	INFO	Running command: "/usr/bin/firefox" "-marionette" "-foreground" "-no-remote" "-profile" "/tmp/rust_mozprofile.petCIzTkZBDo"
1549935188406	addons.webextension.screenshots@mozilla.org	WARN	Loading extension 'screenshots@mozilla.org': Reading manifest: Invalid host permission: resource://pdf.js/
1549935188406	addons.webextension.screenshots@mozilla.org	WARN	Loading extension 'screenshots@mozilla.org': Reading manifest: Invalid host permission: about:reader*

(firefox:15451): Gtk-WARNING **: 08:33:08.917: Theme parsing error: <data>:1:34: Expected ')' in color definition

(firefox:15451): Gtk-WARNING **: 08:33:08.917: Theme parsing error: <data>:1:76: Expected ')' in color definition
1549935191141	Marionette	INFO	Listening on port 33573
1549935191182	Marionette	WARN	TLS certificate errors will be ignored for this session
[Parent 15150, Gecko_IOThread] WARNING: pipe error (78): Connection reset by peer: file /build/firefox-nSunSF/firefox-65.0+build2/ipc/chromium/src/chrome/common/ipc_channel_posix.cc, line 349
[Parent 15451, Gecko_IOThread] WARNING: pipe error (78): Connection reset by peer: file /build/firefox-nSunSF/firefox-65.0+build2/ipc/chromium/src/chrome/common/ipc_channel_posix.cc, line 349
[Parent 15451, Gecko_IOThread] WARNING: pipe error (92): Connection reset by peer: file /build/firefox-nSunSF/firefox-65.0+build2/ipc/chromium/src/chrome/common/ipc_channel_posix.cc, line 349
[Parent 15150, Gecko_IOThread] WARNING: pipe error (64): Connection reset by peer: file /build/firefox-nSunSF/firefox-65.0+build2/ipc/chromium/src/chrome/common/ipc_channel_posix.cc, line 349
1549935199604	Marionette	INFO	Stopped listening on port 37689
1549935199746	Marionette	INFO	Stopped listening on port 33573
1549935200419	mozrunner::runner	INFO	Running command: "/usr/bin/firefox" "-marionette" "-foreground" "-no-remote" "-profile" "/tmp/rust_mozprofile.L1u550ITRZrb"
1549935200973	addons.webextension.screenshots@mozilla.org	WARN	Loading extension 'screenshots@mozilla.org': Reading manifest: Invalid host permission: resource://pdf.js/
1549935200973	addons.webextension.screenshots@mozilla.org	WARN	Loading extension 'screenshots@mozilla.org': Reading manifest: Invalid host permission: about:reader*

(firefox:15765): Gtk-WARNING **: 08:33:21.710: Theme parsing error: <data>:1:34: Expected ')' in color definition

(firefox:15765): Gtk-WARNING **: 08:33:21.710: Theme parsing error: <data>:1:76: Expected ')' in color definition
1549935204803	Marionette	INFO	Listening on port 41767
1549935204840	Marionette	WARN	TLS certificate errors will be ignored for this session
console.error: BroadcastService: 
  receivedBroadcastMessage: handler for
  remote-settings/monitor_changes
  threw error:
  Message: Error: Polling for changes failed: NetworkError when attempting to fetch resource..
  Stack:
    remoteSettingsFunction/remoteSettings.pollChanges@resource://services-settings/remote-settings.js:188:13

1549935301421	Marionette	INFO	Stopped listening on port 41767
1549935307236	mozrunner::runner	INFO	Running command: "/usr/bin/firefox" "-marionette" "-foreground" "-no-remote" "-profile" "/tmp/rust_mozprofile.MZEutvqwxFUy"
1549935307627	addons.webextension.screenshots@mozilla.org	WARN	Loading extension 'screenshots@mozilla.org': Reading manifest: Invalid host permission: resource://pdf.js/
1549935307627	addons.webextension.screenshots@mozilla.org	WARN	Loading extension 'screenshots@mozilla.org': Reading manifest: Invalid host permission: about:reader*

(firefox:16241): Gtk-WARNING **: 08:35:08.147: Theme parsing error: <data>:1:34: Expected ')' in color definition

(firefox:16241): Gtk-WARNING **: 08:35:08.147: Theme parsing error: <data>:1:76: Expected ')' in color definition
1549935310298	Marionette	INFO	Listening on port 35697
1549935310376	Marionette	WARN	TLS certificate errors will be ignored for this session
1549935313339	Marionette	INFO	Stopped listening on port 35697
JavaScript error: resource://activity-stream/lib/ActivityStreamPrefs.jsm, line 23: NS_ERROR_ILLEGAL_VALUE: Component returned failure code: 0x80070057 (NS_ERROR_ILLEGAL_VALUE) [nsIPrefBranch.removeObserver]
console.error: 
  [Exception... "Component returned failure code: 0x80004005 (NS_ERROR_FAILURE) [nsIAppShellService.hiddenDOMWindow]"  nsresult: "0x80004005 (NS_ERROR_FAILURE)"  location: "JS frame :: resource://activity-stream/lib/DownloadsManager.jsm :: init :: line 44"  data: no]: init@resource://activity-stream/lib/DownloadsManager.jsm:44:5
postInit@resource://activity-stream/lib/HighlightsFeed.jsm:60:5
handler@resource://gre/modules/EventEmitter.jsm:94:11
emit@resource://gre/modules/EventEmitter.jsm:149:11
init@resource://activity-stream/lib/SectionsManager.jsm:119:5

JavaScript error: jar:file:///usr/lib/firefox/omni.ja!/components/nsUrlClassifierListManager.js, line 597: TypeError: this.tablesData[table] is undefined
